\BOOKMARK [-1][-]{part.1}{\376\377\173\054\116\000\220\350\122\006\000\040\201\352\161\066\142\374\213\373\000\040\040\023\000\040\133\127\153\315\210\150\116\016\127\372\147\054\123\321\227\363}{}% 1
\BOOKMARK [0][-]{chapter.1}{\376\377\000A\000a\000,\000\040\000B\000b\000,\000\040\000C\000c}{part.1}% 2
\BOOKMARK [1][-]{section.1.1}{\376\377\000A\000\040\124\214\000\040\000a}{chapter.1}% 3
\BOOKMARK [2][-]{subsection.1.1.1}{\376\377\133\127\153\315\116\016\123\321\227\363}{section.1.1}% 4
\BOOKMARK [2][-]{subsection.1.1.2}{\376\377\123\125\213\315}{section.1.1}% 5
\BOOKMARK [1][-]{section.1.2}{\376\377\000B\000\040\124\214\000\040\000b}{chapter.1}% 6
\BOOKMARK [2][-]{subsection.1.2.1}{\376\377\133\127\153\315\116\016\123\321\227\363}{section.1.2}% 7
\BOOKMARK [2][-]{subsection.1.2.2}{\376\377\123\125\213\315}{section.1.2}% 8
\BOOKMARK [1][-]{section.1.3}{\376\377\000C\000\040\124\214\000\040\000c}{chapter.1}% 9
\BOOKMARK [2][-]{subsection.1.3.1}{\376\377\133\127\153\315\116\016\123\321\227\363}{section.1.3}% 10
\BOOKMARK [2][-]{subsection.1.3.2}{\376\377\123\125\213\315}{section.1.3}% 11
\BOOKMARK [0][-]{chapter.2}{\376\377\000D\000d\000,\000\040\000E\000e\000,\000\040\000F\000f}{part.1}% 12
\BOOKMARK [0][-]{chapter.3}{\376\377\000M\000m\000,\000\040\000N\000n\000,\000\040\000O\000o}{part.1}% 13
\BOOKMARK [1][-]{section.3.1}{\376\377\000O\000\040\124\214\000\040\000o}{chapter.3}% 14
\BOOKMARK [2][-]{subsection.3.1.1}{\376\377\133\127\153\315\116\016\123\321\227\363}{section.3.1}% 15
\BOOKMARK [2][-]{subsection.3.1.2}{\376\377\123\125\213\315}{section.3.1}% 16
\BOOKMARK [0][-]{chapter.4}{\376\377\000P\000p\000,\000\040\000Q\000q\000,\000\040\000R\000r}{part.1}% 17
\BOOKMARK [1][-]{section.4.1}{\376\377\000P\000\040\124\214\000\040\000p}{chapter.4}% 18
\BOOKMARK [2][-]{subsection.4.1.1}{\376\377\123\125\213\315}{section.4.1}% 19
\BOOKMARK [0][-]{chapter.5}{\376\377\000S\000s\000,\000\040\000T\000t\000,\000\040\000U\000u\000,\000\040\000V\000v}{part.1}% 20
\BOOKMARK [1][-]{section.5.1}{\376\377\000S\000\040\124\214\000\040\000s}{chapter.5}% 21
\BOOKMARK [2][-]{subsection.5.1.1}{\376\377\133\127\153\315\116\016\123\321\227\363}{section.5.1}% 22
\BOOKMARK [2][-]{subsection.5.1.2}{\376\377\123\125\213\315}{section.5.1}% 23
\BOOKMARK [1][-]{section.5.2}{\376\377\000T\000\040\124\214\000\040\000t}{chapter.5}% 24
\BOOKMARK [2][-]{subsection.5.2.1}{\376\377\133\127\153\315\116\016\123\321\227\363}{section.5.2}% 25
\BOOKMARK [2][-]{subsection.5.2.2}{\376\377\123\125\213\315}{section.5.2}% 26
\BOOKMARK [1][-]{section.5.3}{\376\377\000U\000\040\124\214\000\040\000u}{chapter.5}% 27
\BOOKMARK [2][-]{subsection.5.3.1}{\376\377\133\127\153\315\116\016\123\321\227\363}{section.5.3}% 28
\BOOKMARK [2][-]{subsection.5.3.2}{\376\377\123\125\213\315}{section.5.3}% 29
\BOOKMARK [1][-]{section.5.4}{\376\377\000V\000\040\124\214\000\040\000v}{chapter.5}% 30
\BOOKMARK [2][-]{subsection.5.4.1}{\376\377\133\127\153\315\116\016\123\321\227\363}{section.5.4}% 31
\BOOKMARK [2][-]{subsection.5.4.2}{\376\377\123\125\213\315}{section.5.4}% 32
\BOOKMARK [0][-]{chapter.6}{\376\377\000W\000w\000,\000\040\000X\000x\000,\000\040\000Y\000y\000,\000\040\000Z\000z}{part.1}% 33
\BOOKMARK [-1][-]{part.2}{\376\377\173\054\116\214\220\350\122\006\000\040\000F\000i\000r\000s\000t\000\040\000T\000h\000i\000n\000g\000s\000\040\000F\000i\000r\000s\000t}{}% 34
\BOOKMARK [0][-]{chapter.7}{\376\377\000E\000x\000c\000u\000s\000e\000\040\000m\000e\000,\000\040\000a\000n\000d\000,\000\040\000I\000s\000\040\000t\000h\000i\000s\000\040\000y\000o\000u\000r\000\040\000.\000.\000.}{part.2}% 35
